
ROM used:   194/8192 (2%)
            194/8192 (2%) including unused fragments

            0.2 Average locations per line
            4.1 Average locations per statement

RAM used:   82/368 (22%) at main() level
            83/368 (23%) worst case

Stack used: 1 worst case (1 in main + 0 for interrupts)
Stack size: 8

Lines Stmts  %   Files
----- ----- ---  -----
  179    47 100  FINAL_CONT.c
   14     0   0  FINAL_CONT.h
  623     0   0  ..\..\..\..\..\Program Files (x86)\PICC\Devices\16F876A.h
----- -----
  816    47 Total

Page ROM  %  RAM    Vol Diff  Functions:
---- --- --- ---    --- ----  ----------
0     21  11    1             @delay_ms1
0    169  87    1   1196  6.8  main
 Inline         0             @cinit1

Program metrics:
    Functions               1
    Statements              47
    Comments                203
    Volume (V)              1201
    Difficulty (D)          6.7
    Effort to implement (E) 8003
    Time to implement (T)   7 minutes
    Est Delivered Bugs (B)  0
    Cyclomatic Complexity   5
    Maintainability (MI)    67

 Segment     Used  Free
-----------  ----  ----
00000-00003     4  0  
00004-007FF   190  1854  
00800-00FFF     0  2048  
01000-017FF     0  2048  
01800-01FFF     0  2048  



